2025-06-22 12:33:26,759 - INFO - Data loaded
2025-06-22 12:33:26,760 - INFO - Number of images: 100
2025-06-22 12:33:27,119 - INFO - CPGAnet Plus network loaded
2025-06-22 12:33:45,342 - WARNING - Unsupported operator aten::gelu encountered 53 time(s)
2025-06-22 12:33:45,343 - WARNING - Unsupported operator aten::adaptive_max_pool2d encountered 3 time(s)
2025-06-22 12:33:45,343 - WARNING - Unsupported operator aten::add encountered 97 time(s)
2025-06-22 12:33:45,343 - WARNING - Unsupported operator aten::sigmoid encountered 12 time(s)
2025-06-22 12:33:45,343 - WARNING - Unsupported operator aten::mul encountered 80 time(s)
2025-06-22 12:33:45,343 - WARNING - Unsupported operator aten::mean encountered 61 time(s)
2025-06-22 12:33:45,343 - WARNING - Unsupported operator aten::add_ encountered 7 time(s)
2025-06-22 12:33:45,343 - WARNING - Unsupported operator aten::min encountered 4 time(s)
2025-06-22 12:33:45,343 - WARNING - Unsupported operator aten::sub encountered 61 time(s)
2025-06-22 12:33:45,343 - WARNING - Unsupported operator aten::pow encountered 30 time(s)
2025-06-22 12:33:45,343 - WARNING - Unsupported operator aten::sqrt encountered 27 time(s)
2025-06-22 12:33:45,343 - WARNING - Unsupported operator aten::div encountered 27 time(s)
2025-06-22 12:33:45,343 - WARNING - Unsupported operator aten::rsub encountered 3 time(s)
2025-06-22 12:33:45,349 - INFO - FLOPs = 13.284900192 G
2025-06-22 12:33:45,352 - INFO - Total params: 62304
2025-06-22 12:33:45,352 - INFO - Average time taken by network is : 0.000000 ms
2025-06-22 12:33:45,352 - INFO - Average time (total) taken by network is : 46.942948 ms
